{"category":"AUTH","level":"info","message":"Initializing Auth Manager...","service":"trading-bot","timestamp":"2025-07-10 09:04:15"}
{"category":"AUTH","level":"info","message":"No valid access token found, need to generate request token first...","service":"trading-bot","timestamp":"2025-07-10 09:04:15"}
{"category":"AUTH","level":"info","message":"Generating Zerodha login URL...","service":"trading-bot","timestamp":"2025-07-10 09:04:15"}
{"category":"AUTH","level":"info","loginUrl":"https://kite.trade/connect/login?api_key=4kii2cglymgxjpqq&v=3","message":"Login URL generated","service":"trading-bot","timestamp":"2025-07-10 09:04:15"}
{"category":"AUTH","level":"info","message":"Auth Manager initialized successfully","service":"trading-bot","timestamp":"2025-07-10 09:04:15"}
{"category":"AUTH","level":"info","message":"Generating Zerodha login URL...","service":"trading-bot","timestamp":"2025-07-10 09:04:15"}
{"category":"AUTH","level":"info","loginUrl":"https://kite.trade/connect/login?api_key=4kii2cglymgxjpqq&v=3","message":"Login URL generated","service":"trading-bot","timestamp":"2025-07-10 09:04:15"}
{"category":"AUTH","level":"info","message":"Initializing Auth Manager...","service":"trading-bot","timestamp":"2025-07-10 09:08:25"}
{"category":"AUTH","level":"info","message":"No valid access token found, need to generate request token first...","service":"trading-bot","timestamp":"2025-07-10 09:08:25"}
{"category":"AUTH","level":"info","message":"Generating Zerodha login URL...","service":"trading-bot","timestamp":"2025-07-10 09:08:25"}
{"category":"AUTH","level":"info","loginUrl":"https://kite.zerodha.com/connect/login?v=3&api_key=4kii2cglymgxjpqq","message":"Login URL generated","service":"trading-bot","timestamp":"2025-07-10 09:08:25"}
{"category":"AUTH","level":"info","message":"Auth Manager initialized successfully","service":"trading-bot","timestamp":"2025-07-10 09:08:25"}
{"category":"AUTH","level":"info","message":"Generating Zerodha login URL...","service":"trading-bot","timestamp":"2025-07-10 09:08:25"}
{"category":"AUTH","level":"info","loginUrl":"https://kite.zerodha.com/connect/login?v=3&api_key=4kii2cglymgxjpqq","message":"Login URL generated","service":"trading-bot","timestamp":"2025-07-10 09:08:25"}
{"level":"info","message":"Initializing Auto Login...","service":"trading-bot","timestamp":"2025-07-10 09:24:19"}
{"level":"info","message":"Starting automated login process...","service":"trading-bot","timestamp":"2025-07-10 09:24:19"}
{"level":"info","message":"Attempting headless browser login...","service":"trading-bot","timestamp":"2025-07-10 09:24:19"}
{"category":"AUTH","level":"info","message":"Generating Zerodha login URL...","service":"trading-bot","timestamp":"2025-07-10 09:24:30"}
{"category":"AUTH","level":"info","loginUrl":"https://kite.zerodha.com/connect/login?v=3&api_key=4kii2cglymgxjpqq","message":"Login URL generated","service":"trading-bot","timestamp":"2025-07-10 09:24:30"}
{"level":"info","message":"Navigating to login page...","service":"trading-bot","timestamp":"2025-07-10 09:24:30"}
{"level":"error","message":"Headless login failed: Navigation timeout of 30000 ms exceeded","name":"TimeoutError","service":"trading-bot","stack":"TimeoutError: Navigation timeout of 30000 ms exceeded\n    at new Deferred (E:\\paradigm\\node_modules\\puppeteer-core\\src\\util\\Deferred.ts:68:28)\n    at Deferred.create (E:\\paradigm\\node_modules\\puppeteer-core\\src\\util\\Deferred.ts:24:12)\n    at new LifecycleWatcher (E:\\paradigm\\node_modules\\puppeteer-core\\src\\cdp\\LifecycleWatcher.ts:170:42)\n    at CdpFrame.waitForNavigation (E:\\paradigm\\node_modules\\puppeteer-core\\src\\cdp\\Frame.ts:213:21)\n    at CdpFrame.<anonymous> (E:\\paradigm\\node_modules\\puppeteer-core\\src\\util\\decorators.ts:61:21)\n    at CdpPage.waitForNavigation (E:\\paradigm\\node_modules\\puppeteer-core\\src\\api\\Page.ts:1652:35)\n    at AutoLogin.performHeadlessLogin (E:\\paradigm\\src\\auth\\auto-login.ts:131:18)\n    at processTicksAndRejections (node:internal/process/task_queues:105:5)\n    at async AutoLogin.performAutomatedLogin (E:\\paradigm\\src\\auth\\auto-login.ts:96:7)\n    at async AutoLogin.initialize (E:\\paradigm\\src\\auth\\auto-login.ts:36:7)","timestamp":"2025-07-10 09:25:03"}
{"level":"info","message":"Starting manual login process...","service":"trading-bot","timestamp":"2025-07-10 09:25:03"}
{"category":"AUTH","level":"info","message":"Generating Zerodha login URL...","service":"trading-bot","timestamp":"2025-07-10 09:25:03"}
{"category":"AUTH","level":"info","loginUrl":"https://kite.zerodha.com/connect/login?v=3&api_key=4kii2cglymgxjpqq","message":"Login URL generated","service":"trading-bot","timestamp":"2025-07-10 09:25:03"}
{"level":"info","message":"🔐 Manual Login Required","service":"trading-bot","timestamp":"2025-07-10 09:25:03"}
{"level":"info","message":"📋 Please follow these steps:","service":"trading-bot","timestamp":"2025-07-10 09:25:03"}
{"level":"info","message":"1. Visit: https://kite.zerodha.com/connect/login?v=3&api_key=4kii2cglymgxjpqq","service":"trading-bot","timestamp":"2025-07-10 09:25:03"}
{"level":"info","message":"2. Login with your Zerodha credentials","service":"trading-bot","timestamp":"2025-07-10 09:25:03"}
{"level":"info","message":"3. You will be redirected to your callback URL","service":"trading-bot","timestamp":"2025-07-10 09:25:03"}
{"level":"info","message":"4. Copy the request_token from the URL","service":"trading-bot","timestamp":"2025-07-10 09:25:03"}
{"level":"info","message":"5. Enter the request_token below:","service":"trading-bot","timestamp":"2025-07-10 09:25:03"}
{"level":"info","message":"💡 Tip: You can also set ZERODHA_REQUEST_TOKEN environment variable","service":"trading-bot","timestamp":"2025-07-10 09:25:03"}
{"level":"info","message":"No request token found. Please set ZERODHA_REQUEST_TOKEN environment variable.","service":"trading-bot","timestamp":"2025-07-10 09:25:03"}
{"level":"error","message":"Manual login failed: Request token required for login","service":"trading-bot","stack":"Error: Request token required for login\n    at AutoLogin.performManualLogin (E:\\paradigm\\src\\auth\\auto-login.ts:182:15)\n    at async AutoLogin.performHeadlessLogin (E:\\paradigm\\src\\auth\\auto-login.ts:151:7)\n    at async AutoLogin.performAutomatedLogin (E:\\paradigm\\src\\auth\\auto-login.ts:96:7)\n    at async AutoLogin.initialize (E:\\paradigm\\src\\auth\\auto-login.ts:36:7)\n    at async testAutoLogin (E:\\paradigm\\src\\auth\\test-auto-login.ts:40:5)","timestamp":"2025-07-10 09:25:03"}
{"level":"error","message":"Auto login failed: Request token required for login","service":"trading-bot","stack":"Error: Request token required for login\n    at AutoLogin.performManualLogin (E:\\paradigm\\src\\auth\\auto-login.ts:182:15)\n    at async AutoLogin.performHeadlessLogin (E:\\paradigm\\src\\auth\\auto-login.ts:151:7)\n    at async AutoLogin.performAutomatedLogin (E:\\paradigm\\src\\auth\\auto-login.ts:96:7)\n    at async AutoLogin.initialize (E:\\paradigm\\src\\auth\\auto-login.ts:36:7)\n    at async testAutoLogin (E:\\paradigm\\src\\auth\\test-auto-login.ts:40:5)","timestamp":"2025-07-10 09:25:03"}
{"level":"info","message":"Initializing Paradigm Algo Trading Bot...","service":"trading-bot","timestamp":"2025-07-10 09:31:45"}
{"level":"info","message":"Starting bot initialization...","service":"trading-bot","timestamp":"2025-07-10 09:31:45"}
{"level":"info","message":"Loading configuration...","service":"trading-bot","timestamp":"2025-07-10 09:31:45"}
{"level":"info","message":"Configuration loaded from YAML file","service":"trading-bot","timestamp":"2025-07-10 09:31:45"}
{"level":"info","message":"Configuration loaded successfully","service":"trading-bot","timestamp":"2025-07-10 09:31:45"}
{"level":"info","message":"Initializing Zerodha Authentication...","service":"trading-bot","timestamp":"2025-07-10 09:31:45"}
{"level":"info","message":"Starting Zerodha login process...","service":"trading-bot","timestamp":"2025-07-10 09:31:45"}
{"level":"info","message":"Login URL generated:","service":"trading-bot","timestamp":"2025-07-10 09:31:45"}
{"level":"info","message":"Performing web login...","service":"trading-bot","timestamp":"2025-07-10 09:31:45"}
{"level":"info","message":"Browser opened. Please login manually...","service":"trading-bot","timestamp":"2025-07-10 09:31:53"}
{"level":"error","message":"Web login failed: Waiting for selector `#pin` failed: Waiting failed: 15000ms exceeded","name":"TimeoutError","service":"trading-bot","stack":"TimeoutError: Waiting for selector `#pin` failed: Waiting failed: 15000ms exceeded\n    at new WaitTask (E:\\paradigm\\node_modules\\puppeteer-core\\src\\common\\WaitTask.ts:82:28)\n    at IsolatedWorld.waitForFunction (E:\\paradigm\\node_modules\\puppeteer-core\\src\\api\\Realm.ts:74:22)\n    at PQueryHandler.waitFor (E:\\paradigm\\node_modules\\puppeteer-core\\src\\common\\QueryHandler.ts:159:50)\n    at processTicksAndRejections (node:internal/process/task_queues:105:5)\n    at async CdpFrame.waitForSelector (E:\\paradigm\\node_modules\\puppeteer-core\\src\\api\\Frame.ts:685:13)\n    at async CdpPage.waitForSelector (E:\\paradigm\\node_modules\\puppeteer-core\\src\\api\\Page.ts:2865:12)\n    at async ZerodhaAuth.performWebLogin (E:\\paradigm\\src\\auth\\zerodha-auth.ts:113:7)\n    at async ZerodhaAuth.performLogin (E:\\paradigm\\src\\auth\\zerodha-auth.ts:66:28)\n    at async ZerodhaAuth.initialize (E:\\paradigm\\src\\auth\\zerodha-auth.ts:49:7)\n    at async TradingBot.initialize (E:\\paradigm\\src\\index.ts:38:7)","timestamp":"2025-07-10 09:32:09"}
{"level":"info","message":"Initializing Paradigm Algo Trading Bot...","service":"trading-bot","timestamp":"2025-07-10 09:33:23"}
{"level":"info","message":"Starting bot initialization...","service":"trading-bot","timestamp":"2025-07-10 09:33:23"}
{"level":"info","message":"Loading configuration...","service":"trading-bot","timestamp":"2025-07-10 09:33:23"}
{"level":"info","message":"Configuration loaded from YAML file","service":"trading-bot","timestamp":"2025-07-10 09:33:23"}
{"level":"info","message":"Configuration loaded successfully","service":"trading-bot","timestamp":"2025-07-10 09:33:23"}
{"level":"info","message":"Initializing Zerodha Authentication...","service":"trading-bot","timestamp":"2025-07-10 09:33:23"}
{"level":"info","message":"Starting Zerodha login process...","service":"trading-bot","timestamp":"2025-07-10 09:33:23"}
{"level":"info","message":"Login URL generated:","service":"trading-bot","timestamp":"2025-07-10 09:33:23"}
{"level":"info","message":"Performing web login...","service":"trading-bot","timestamp":"2025-07-10 09:33:23"}
{"level":"info","message":"Browser opened. Please login manually...","service":"trading-bot","timestamp":"2025-07-10 09:33:31"}
{"level":"error","message":"Web login failed: Runtime.callFunctionOn timed out. Increase the 'protocolTimeout' setting in launch/connect calls for a higher timeout if needed.","name":"ProtocolError","service":"trading-bot","stack":"ProtocolError: Runtime.callFunctionOn timed out. Increase the 'protocolTimeout' setting in launch/connect calls for a higher timeout if needed.\n    at Callback.<instance_members_initializer> (E:\\paradigm\\node_modules\\puppeteer-core\\src\\common\\CallbackRegistry.ts:117:12)\n    at new Callback (E:\\paradigm\\node_modules\\puppeteer-core\\src\\common\\CallbackRegistry.ts:122:3)\n    at CallbackRegistry.create (E:\\paradigm\\node_modules\\puppeteer-core\\src\\common\\CallbackRegistry.ts:27:22)\n    at Connection._rawSend (E:\\paradigm\\node_modules\\puppeteer-core\\src\\cdp\\Connection.ts:120:22)\n    at CdpCDPSession.send (E:\\paradigm\\node_modules\\puppeteer-core\\src\\cdp\\CDPSession.ts:95:29)\n    at ExecutionContext.#evaluate (E:\\paradigm\\node_modules\\puppeteer-core\\src\\cdp\\ExecutionContext.ts:282:44)\n    at processTicksAndRejections (node:internal/process/task_queues:105:5)\n    at async ExecutionContext.evaluateHandle (E:\\paradigm\\node_modules\\puppeteer-core\\src\\cdp\\ExecutionContext.ts:216:12)\n    at async IsolatedWorld.evaluateHandle (E:\\paradigm\\node_modules\\puppeteer-core\\src\\cdp\\IsolatedWorld.ts:125:12)\n    at async CdpJSHandle.evaluateHandle (E:\\paradigm\\node_modules\\puppeteer-core\\src\\api\\JSHandle.ts:94:12)","timestamp":"2025-07-10 09:37:04"}
{"level":"error","message":"Automatic TOTP authentication failed: TOTP generation failed: TypeError: totp is not a function","service":"trading-bot","stack":"Error: TOTP generation failed: TypeError: totp is not a function\n    at AutoTOTPZerodhaAuth.generateTOTP (/Users/shyam/Desktop/untitled folder/paradigm/src/auth/easy-auth.ts:209:19)\n    at AutoTOTPZerodhaAuth.performAutomaticLogin (/Users/shyam/Desktop/untitled folder/paradigm/src/auth/easy-auth.ts:177:31)\n    at processTicksAndRejections (node:internal/process/task_queues:105:5)\n    at async AutoTOTPZerodhaAuth.authenticate (/Users/shyam/Desktop/untitled folder/paradigm/src/auth/easy-auth.ts:80:32)\n    at async createAutoTOTPAuth (/Users/shyam/Desktop/untitled folder/paradigm/src/auth/easy-auth.ts:315:5)\n    at async demonstrateAutoTOTP (/Users/shyam/Desktop/untitled folder/paradigm/src/auth/auto-totp-example.ts:12:22)","timestamp":"2025-07-15 16:28:44"}
{"level":"error","message":"Automatic TOTP authentication failed: TOTP generation failed: TypeError: totp is not a function","service":"trading-bot","stack":"Error: TOTP generation failed: TypeError: totp is not a function\n    at AutoTOTPZerodhaAuth.generateTOTP (/Users/shyam/Desktop/untitled folder/paradigm/src/auth/easy-auth.ts:209:19)\n    at AutoTOTPZerodhaAuth.performAutomaticLogin (/Users/shyam/Desktop/untitled folder/paradigm/src/auth/easy-auth.ts:177:31)\n    at processTicksAndRejections (node:internal/process/task_queues:105:5)\n    at async AutoTOTPZerodhaAuth.authenticate (/Users/shyam/Desktop/untitled folder/paradigm/src/auth/easy-auth.ts:80:32)\n    at async demonstrateDirectUsage (/Users/shyam/Desktop/untitled folder/paradigm/src/auth/auto-totp-example.ts:67:5)","timestamp":"2025-07-15 16:28:44"}
